<?xml version="1.0" encoding="UTF-8"?>
<!-- Generated by org.testng.reporters.JUnitReportReporter -->
<testsuite hostname="DESKTOP-PEMS4A9" failures="0" tests="1" name="testng.maven.selenium.SeleniumDemo" time="63.675" errors="0" timestamp="2022-02-20T16:14:07 IST" skipped="0">
  <testcase classname="testng.maven.selenium.SeleniumDemo" name="mainTest" time="63.675"/>
  <system-out/>
</testsuite> <!-- testng.maven.selenium.SeleniumDemo -->
